2025-10-05 18:04:42,066 - api.main - INFO - Starting ExoHunter API...
2025-10-05 18:04:42,067 - api.main - INFO - Current working directory: C:\Users\JUSTINE BIJU PAUL\Desktop\projects\exoplanet-clean\web
2025-10-05 18:04:42,067 - api.main - INFO - API file location: C:\Users\JUSTINE BIJU PAUL\Desktop\projects\exoplanet-clean\web\api\main.py
2025-10-05 18:04:42,068 - api.main - INFO - Checking path: C:\Users\JUSTINE BIJU PAUL\Desktop\projects\exoplanet-clean\models\trained_models
2025-10-05 18:04:49,858 - api.main - INFO - Total models loaded: 4
2025-10-05 18:04:49,858 - api.main - INFO - ExoHunter API startup complete
2025-10-05 18:09:02,130 - api.main - INFO - Starting ExoHunter API...
2025-10-05 18:09:02,130 - api.main - INFO - Current working directory: C:\Users\JUSTINE BIJU PAUL\Desktop\projects\exoplanet-clean\web
2025-10-05 18:09:02,133 - api.main - INFO - API file location: C:\Users\JUSTINE BIJU PAUL\Desktop\projects\exoplanet-clean\web\api\main.py
2025-10-05 18:09:02,133 - api.main - INFO - Checking path: C:\Users\JUSTINE BIJU PAUL\Desktop\projects\exoplanet-clean\models\trained_models
2025-10-05 18:09:02,133 - api.main - INFO - [OK] Found models directory: C:\Users\JUSTINE BIJU PAUL\Desktop\projects\exoplanet-clean\models\trained_models
2025-10-05 18:09:03,582 - api.main - INFO - ✅ Loaded scaler successfully
2025-10-05 18:09:03,582 - api.main - INFO - ✅ Loaded 15 selected features from C:\Users\JUSTINE BIJU PAUL\Desktop\projects\exoplanet-clean\models\selected_features_20251004_155128.json
2025-10-05 18:09:03,584 - api.main - INFO - [OK] Loaded training metrics from C:\Users\JUSTINE BIJU PAUL\Desktop\projects\exoplanet-clean\models\training_results_20251004_155128.json
2025-10-05 18:09:03,779 - api.main - INFO - [OK] Loaded Extra Trees model successfully
2025-10-05 18:09:04,027 - api.main - INFO - [OK] Loaded LightGBM model successfully
2025-10-05 18:09:04,134 - api.main - INFO - [OK] Loaded Optimized Random Forest model successfully
2025-10-05 18:09:04,269 - api.main - INFO - [OK] Loaded Optimized XGBoost model successfully
2025-10-05 18:09:04,270 - api.main - INFO - [INFO] Total models loaded: 4
2025-10-05 18:09:04,271 - api.main - INFO - ExoHunter API startup complete
2025-10-05 18:09:24,572 - api.main - INFO - Starting ExoHunter API...
2025-10-05 18:09:24,572 - api.main - INFO - Current working directory: C:\Users\JUSTINE BIJU PAUL\Desktop\projects\exoplanet-clean\web
2025-10-05 18:09:24,573 - api.main - INFO - API file location: C:\Users\JUSTINE BIJU PAUL\Desktop\projects\exoplanet-clean\web\api\main.py
2025-10-05 18:09:24,573 - api.main - INFO - Checking path: C:\Users\JUSTINE BIJU PAUL\Desktop\projects\exoplanet-clean\models\trained_models
2025-10-05 18:09:24,573 - api.main - INFO - [OK] Found models directory: C:\Users\JUSTINE BIJU PAUL\Desktop\projects\exoplanet-clean\models\trained_models
2025-10-05 18:09:26,000 - api.main - INFO - ✅ Loaded scaler successfully
2025-10-05 18:09:26,002 - api.main - INFO - ✅ Loaded 15 selected features from C:\Users\JUSTINE BIJU PAUL\Desktop\projects\exoplanet-clean\models\selected_features_20251004_155128.json
2025-10-05 18:09:26,002 - api.main - INFO - [OK] Loaded training metrics from C:\Users\JUSTINE BIJU PAUL\Desktop\projects\exoplanet-clean\models\training_results_20251004_155128.json
2025-10-05 18:09:26,216 - api.main - INFO - [OK] Loaded Extra Trees model successfully
2025-10-05 18:09:26,496 - api.main - INFO - [OK] Loaded LightGBM model successfully
2025-10-05 18:09:26,610 - api.main - INFO - [OK] Loaded Optimized Random Forest model successfully
2025-10-05 18:09:26,749 - api.main - INFO - [OK] Loaded Optimized XGBoost model successfully
2025-10-05 18:09:26,750 - api.main - INFO - [INFO] Total models loaded: 4
2025-10-05 18:09:26,750 - api.main - INFO - ExoHunter API startup complete
2025-10-05 18:10:11,161 - api.main - INFO - Starting ExoHunter API...
2025-10-05 18:10:11,162 - api.main - INFO - Current working directory: C:\Users\JUSTINE BIJU PAUL\Desktop\projects\exoplanet-clean\web
2025-10-05 18:10:11,162 - api.main - INFO - API file location: C:\Users\JUSTINE BIJU PAUL\Desktop\projects\exoplanet-clean\web\api\main.py
2025-10-05 18:10:11,163 - api.main - INFO - Checking path: C:\Users\JUSTINE BIJU PAUL\Desktop\projects\exoplanet-clean\models\trained_models
2025-10-05 18:10:11,163 - api.main - INFO - [OK] Found models directory: C:\Users\JUSTINE BIJU PAUL\Desktop\projects\exoplanet-clean\models\trained_models
2025-10-05 18:10:12,349 - api.main - INFO - ✅ Loaded scaler successfully
2025-10-05 18:10:12,350 - api.main - INFO - ✅ Loaded 15 selected features from C:\Users\JUSTINE BIJU PAUL\Desktop\projects\exoplanet-clean\models\selected_features_20251004_155128.json
2025-10-05 18:10:12,351 - api.main - INFO - [OK] Loaded training metrics from C:\Users\JUSTINE BIJU PAUL\Desktop\projects\exoplanet-clean\models\training_results_20251004_155128.json
2025-10-05 18:10:12,553 - api.main - INFO - [OK] Loaded Extra Trees model successfully
2025-10-05 18:10:12,815 - api.main - INFO - [OK] Loaded LightGBM model successfully
2025-10-05 18:10:12,932 - api.main - INFO - [OK] Loaded Optimized Random Forest model successfully
2025-10-05 18:10:13,070 - api.main - INFO - [OK] Loaded Optimized XGBoost model successfully
2025-10-05 18:10:13,070 - api.main - INFO - [INFO] Total models loaded: 4
2025-10-05 18:10:13,070 - api.main - INFO - ExoHunter API startup complete
2025-10-05 18:10:49,243 - api.main - INFO - Starting ExoHunter API...
2025-10-05 18:10:49,244 - api.main - INFO - Current working directory: C:\Users\JUSTINE BIJU PAUL\Desktop\projects\exoplanet-clean\web
2025-10-05 18:10:49,244 - api.main - INFO - API file location: C:\Users\JUSTINE BIJU PAUL\Desktop\projects\exoplanet-clean\web\api\main.py
2025-10-05 18:10:49,245 - api.main - INFO - Checking path: C:\Users\JUSTINE BIJU PAUL\Desktop\projects\exoplanet-clean\models\trained_models
2025-10-05 18:10:49,245 - api.main - INFO - [OK] Found models directory: C:\Users\JUSTINE BIJU PAUL\Desktop\projects\exoplanet-clean\models\trained_models
2025-10-05 18:10:50,475 - api.main - INFO - ✅ Loaded scaler successfully
2025-10-05 18:10:50,475 - api.main - INFO - ✅ Loaded 15 selected features from C:\Users\JUSTINE BIJU PAUL\Desktop\projects\exoplanet-clean\models\selected_features_20251004_155128.json
2025-10-05 18:10:50,476 - api.main - INFO - [OK] Loaded training metrics from C:\Users\JUSTINE BIJU PAUL\Desktop\projects\exoplanet-clean\models\training_results_20251004_155128.json
2025-10-05 18:10:50,661 - api.main - INFO - [OK] Loaded Extra Trees model successfully
2025-10-05 18:10:50,917 - api.main - INFO - [OK] Loaded LightGBM model successfully
2025-10-05 18:10:51,026 - api.main - INFO - [OK] Loaded Optimized Random Forest model successfully
2025-10-05 18:10:51,184 - api.main - INFO - [OK] Loaded Optimized XGBoost model successfully
2025-10-05 18:10:51,184 - api.main - INFO - [INFO] Total models loaded: 4
2025-10-05 18:10:51,185 - api.main - INFO - ExoHunter API startup complete
2025-10-05 18:11:00,080 - api.main - INFO - Starting ExoHunter API...
2025-10-05 18:11:00,080 - api.main - INFO - Current working directory: C:\Users\JUSTINE BIJU PAUL\Desktop\projects\exoplanet-clean\web
2025-10-05 18:11:00,081 - api.main - INFO - API file location: C:\Users\JUSTINE BIJU PAUL\Desktop\projects\exoplanet-clean\web\api\main.py
2025-10-05 18:11:00,081 - api.main - INFO - Checking path: C:\Users\JUSTINE BIJU PAUL\Desktop\projects\exoplanet-clean\models\trained_models
2025-10-05 18:11:00,081 - api.main - INFO - [OK] Found models directory: C:\Users\JUSTINE BIJU PAUL\Desktop\projects\exoplanet-clean\models\trained_models
2025-10-05 18:11:01,425 - api.main - INFO - ✅ Loaded scaler successfully
2025-10-05 18:11:01,425 - api.main - INFO - ✅ Loaded 15 selected features from C:\Users\JUSTINE BIJU PAUL\Desktop\projects\exoplanet-clean\models\selected_features_20251004_155128.json
2025-10-05 18:11:01,427 - api.main - INFO - [OK] Loaded training metrics from C:\Users\JUSTINE BIJU PAUL\Desktop\projects\exoplanet-clean\models\training_results_20251004_155128.json
2025-10-05 18:11:01,609 - api.main - INFO - [OK] Loaded Extra Trees model successfully
2025-10-05 18:11:01,892 - api.main - INFO - [OK] Loaded LightGBM model successfully
2025-10-05 18:11:02,006 - api.main - INFO - [OK] Loaded Optimized Random Forest model successfully
2025-10-05 18:11:02,156 - api.main - INFO - [OK] Loaded Optimized XGBoost model successfully
2025-10-05 18:11:02,157 - api.main - INFO - [INFO] Total models loaded: 4
2025-10-05 18:11:02,157 - api.main - INFO - ExoHunter API startup complete
2025-10-05 18:11:51,318 - api.main - INFO - Starting ExoHunter API...
2025-10-05 18:11:51,318 - api.main - INFO - Current working directory: C:\Users\JUSTINE BIJU PAUL\Desktop\projects\exoplanet-clean\web
2025-10-05 18:11:51,319 - api.main - INFO - API file location: C:\Users\JUSTINE BIJU PAUL\Desktop\projects\exoplanet-clean\web\api\main.py
2025-10-05 18:11:51,319 - api.main - INFO - Checking path: C:\Users\JUSTINE BIJU PAUL\Desktop\projects\exoplanet-clean\models\trained_models
2025-10-05 18:11:51,319 - api.main - INFO - [OK] Found models directory: C:\Users\JUSTINE BIJU PAUL\Desktop\projects\exoplanet-clean\models\trained_models
2025-10-05 18:11:52,513 - api.main - INFO - ✅ Loaded scaler successfully
2025-10-05 18:11:52,513 - api.main - INFO - ✅ Loaded 15 selected features from C:\Users\JUSTINE BIJU PAUL\Desktop\projects\exoplanet-clean\models\selected_features_20251004_155128.json
2025-10-05 18:11:52,514 - api.main - INFO - [OK] Loaded training metrics from C:\Users\JUSTINE BIJU PAUL\Desktop\projects\exoplanet-clean\models\training_results_20251004_155128.json
2025-10-05 18:11:52,709 - api.main - INFO - [OK] Loaded Extra Trees model successfully
2025-10-05 18:11:53,057 - api.main - INFO - [OK] Loaded LightGBM model successfully
2025-10-05 18:11:53,175 - api.main - INFO - [OK] Loaded Optimized Random Forest model successfully
2025-10-05 18:11:53,342 - api.main - INFO - [OK] Loaded Optimized XGBoost model successfully
2025-10-05 18:11:53,344 - api.main - INFO - [INFO] Total models loaded: 4
2025-10-05 18:11:53,345 - api.main - INFO - ExoHunter API startup complete
2025-10-05 18:11:54,362 - api.main - INFO - Starting ExoHunter API...
2025-10-05 18:11:54,362 - api.main - INFO - Current working directory: C:\Users\JUSTINE BIJU PAUL\Desktop\projects\exoplanet-clean\web
2025-10-05 18:11:54,363 - api.main - INFO - API file location: C:\Users\JUSTINE BIJU PAUL\Desktop\projects\exoplanet-clean\web\api\main.py
2025-10-05 18:11:54,363 - api.main - INFO - Checking path: C:\Users\JUSTINE BIJU PAUL\Desktop\projects\exoplanet-clean\models\trained_models
2025-10-05 18:11:54,363 - api.main - INFO - [OK] Found models directory: C:\Users\JUSTINE BIJU PAUL\Desktop\projects\exoplanet-clean\models\trained_models
2025-10-05 18:11:55,565 - api.main - INFO - ✅ Loaded scaler successfully
2025-10-05 18:11:55,565 - api.main - INFO - ✅ Loaded 15 selected features from C:\Users\JUSTINE BIJU PAUL\Desktop\projects\exoplanet-clean\models\selected_features_20251004_155128.json
2025-10-05 18:11:55,566 - api.main - INFO - [OK] Loaded training metrics from C:\Users\JUSTINE BIJU PAUL\Desktop\projects\exoplanet-clean\models\training_results_20251004_155128.json
2025-10-05 18:11:55,743 - api.main - INFO - [OK] Loaded Extra Trees model successfully
2025-10-05 18:11:55,976 - api.main - INFO - [OK] Loaded LightGBM model successfully
2025-10-05 18:11:56,083 - api.main - INFO - [OK] Loaded Optimized Random Forest model successfully
2025-10-05 18:11:56,216 - api.main - INFO - [OK] Loaded Optimized XGBoost model successfully
2025-10-05 18:11:56,216 - api.main - INFO - [INFO] Total models loaded: 4
2025-10-05 18:11:56,217 - api.main - INFO - ExoHunter API startup complete
2025-10-05 18:12:29,652 - api.main - INFO - Starting ExoHunter API...
2025-10-05 18:12:29,652 - api.main - INFO - Current working directory: C:\Users\JUSTINE BIJU PAUL\Desktop\projects\exoplanet-clean\web
2025-10-05 18:12:29,653 - api.main - INFO - API file location: C:\Users\JUSTINE BIJU PAUL\Desktop\projects\exoplanet-clean\web\api\main.py
2025-10-05 18:12:29,653 - api.main - INFO - Checking path: C:\Users\JUSTINE BIJU PAUL\Desktop\projects\exoplanet-clean\models\trained_models
2025-10-05 18:12:29,653 - api.main - INFO - [OK] Found models directory: C:\Users\JUSTINE BIJU PAUL\Desktop\projects\exoplanet-clean\models\trained_models
2025-10-05 18:12:30,912 - api.main - INFO - [OK] Loaded scaler successfully
2025-10-05 18:12:30,913 - api.main - INFO - ✅ Loaded 15 selected features from C:\Users\JUSTINE BIJU PAUL\Desktop\projects\exoplanet-clean\models\selected_features_20251004_155128.json
2025-10-05 18:12:30,914 - api.main - INFO - [OK] Loaded training metrics from C:\Users\JUSTINE BIJU PAUL\Desktop\projects\exoplanet-clean\models\training_results_20251004_155128.json
2025-10-05 18:12:31,126 - api.main - INFO - [OK] Loaded Extra Trees model successfully
2025-10-05 18:12:31,368 - api.main - INFO - [OK] Loaded LightGBM model successfully
2025-10-05 18:12:31,483 - api.main - INFO - [OK] Loaded Optimized Random Forest model successfully
2025-10-05 18:12:31,615 - api.main - INFO - [OK] Loaded Optimized XGBoost model successfully
2025-10-05 18:12:31,616 - api.main - INFO - [INFO] Total models loaded: 4
2025-10-05 18:12:31,616 - api.main - INFO - ExoHunter API startup complete
2025-10-05 18:12:47,869 - api.main - INFO - Starting ExoHunter API...
2025-10-05 18:12:47,869 - api.main - INFO - Current working directory: C:\Users\JUSTINE BIJU PAUL\Desktop\projects\exoplanet-clean\web
2025-10-05 18:12:47,870 - api.main - INFO - API file location: C:\Users\JUSTINE BIJU PAUL\Desktop\projects\exoplanet-clean\web\api\main.py
2025-10-05 18:12:47,870 - api.main - INFO - Checking path: C:\Users\JUSTINE BIJU PAUL\Desktop\projects\exoplanet-clean\models\trained_models
2025-10-05 18:12:47,870 - api.main - INFO - [OK] Found models directory: C:\Users\JUSTINE BIJU PAUL\Desktop\projects\exoplanet-clean\models\trained_models
2025-10-05 18:12:49,007 - api.main - INFO - [OK] Loaded scaler successfully
2025-10-05 18:12:49,008 - api.main - INFO - [OK] Loaded 15 selected features from C:\Users\JUSTINE BIJU PAUL\Desktop\projects\exoplanet-clean\models\selected_features_20251004_155128.json
2025-10-05 18:12:49,010 - api.main - INFO - [OK] Loaded training metrics from C:\Users\JUSTINE BIJU PAUL\Desktop\projects\exoplanet-clean\models\training_results_20251004_155128.json
2025-10-05 18:12:49,210 - api.main - INFO - [OK] Loaded Extra Trees model successfully
2025-10-05 18:12:49,456 - api.main - INFO - [OK] Loaded LightGBM model successfully
2025-10-05 18:12:49,558 - api.main - INFO - [OK] Loaded Optimized Random Forest model successfully
2025-10-05 18:12:49,707 - api.main - INFO - [OK] Loaded Optimized XGBoost model successfully
2025-10-05 18:12:49,707 - api.main - INFO - [INFO] Total models loaded: 4
2025-10-05 18:12:49,707 - api.main - INFO - ExoHunter API startup complete
2025-10-05 18:15:46,723 - api.main - INFO - Starting ExoHunter API...
2025-10-05 18:15:46,723 - api.main - INFO - Current working directory: C:\Users\JUSTINE BIJU PAUL\Desktop\projects\exoplanet-clean\web
2025-10-05 18:15:46,723 - api.main - INFO - API file location: C:\Users\JUSTINE BIJU PAUL\Desktop\projects\exoplanet-clean\web\api\main.py
2025-10-05 18:15:46,725 - api.main - INFO - Checking path: C:\Users\JUSTINE BIJU PAUL\Desktop\projects\exoplanet-clean\models\trained_models
2025-10-05 18:15:46,726 - api.main - INFO - [OK] Found models directory: C:\Users\JUSTINE BIJU PAUL\Desktop\projects\exoplanet-clean\models\trained_models
2025-10-05 18:15:47,879 - api.main - INFO - [OK] Loaded scaler successfully
2025-10-05 18:15:47,879 - api.main - INFO - [OK] Loaded 15 selected features from C:\Users\JUSTINE BIJU PAUL\Desktop\projects\exoplanet-clean\models\selected_features_20251004_155128.json
2025-10-05 18:15:47,880 - api.main - INFO - [OK] Loaded training metrics from C:\Users\JUSTINE BIJU PAUL\Desktop\projects\exoplanet-clean\models\training_results_20251004_155128.json
2025-10-05 18:15:48,058 - api.main - INFO - [OK] Loaded Extra Trees model successfully
2025-10-05 18:15:48,285 - api.main - INFO - [OK] Loaded LightGBM model successfully
2025-10-05 18:15:48,395 - api.main - INFO - [OK] Loaded Optimized Random Forest model successfully
2025-10-05 18:15:48,561 - api.main - INFO - [OK] Loaded Optimized XGBoost model successfully
2025-10-05 18:15:48,561 - api.main - INFO - [INFO] Total models loaded: 4
2025-10-05 18:15:48,562 - api.main - INFO - ExoHunter API startup complete
2025-10-05 18:26:07,113 - api.main - INFO - Starting ExoHunter API...
2025-10-05 18:26:07,113 - api.main - INFO - Current working directory: C:\Users\JUSTINE BIJU PAUL\Desktop\projects\exoplanet-clean\web
2025-10-05 18:26:07,114 - api.main - INFO - API file location: C:\Users\JUSTINE BIJU PAUL\Desktop\projects\exoplanet-clean\web\api\main.py
2025-10-05 18:26:07,114 - api.main - INFO - Checking path: C:\Users\JUSTINE BIJU PAUL\Desktop\projects\exoplanet-clean\models\trained_models
2025-10-05 18:26:07,114 - api.main - INFO - [OK] Found models directory: C:\Users\JUSTINE BIJU PAUL\Desktop\projects\exoplanet-clean\models\trained_models
2025-10-05 18:26:08,320 - api.main - INFO - [OK] Loaded scaler successfully
2025-10-05 18:26:08,321 - api.main - INFO - [OK] Loaded 15 selected features from C:\Users\JUSTINE BIJU PAUL\Desktop\projects\exoplanet-clean\models\selected_features_20251004_155128.json
2025-10-05 18:26:08,322 - api.main - INFO - [OK] Loaded training metrics from C:\Users\JUSTINE BIJU PAUL\Desktop\projects\exoplanet-clean\models\training_results_20251004_155128.json
2025-10-05 18:26:08,510 - api.main - INFO - [OK] Loaded Extra Trees model successfully
2025-10-05 18:26:08,744 - api.main - INFO - [OK] Loaded LightGBM model successfully
2025-10-05 18:26:08,849 - api.main - INFO - [OK] Loaded Optimized Random Forest model successfully
2025-10-05 18:26:08,979 - api.main - INFO - [OK] Loaded Optimized XGBoost model successfully
2025-10-05 18:26:08,979 - api.main - INFO - [INFO] Total models loaded: 4
2025-10-05 18:26:08,980 - api.main - INFO - ExoHunter API startup complete
2025-10-05 18:32:09,507 - api.main - INFO - Starting ExoHunter API...
2025-10-05 18:32:09,508 - api.main - INFO - Current working directory: C:\Users\JUSTINE BIJU PAUL\Desktop\projects\exoplanet-clean\web
2025-10-05 18:32:09,508 - api.main - INFO - API file location: C:\Users\JUSTINE BIJU PAUL\Desktop\projects\exoplanet-clean\web\api\main.py
2025-10-05 18:32:09,508 - api.main - INFO - Checking path: C:\Users\JUSTINE BIJU PAUL\Desktop\projects\exoplanet-clean\models\trained_models
2025-10-05 18:32:09,510 - api.main - INFO - [OK] Found models directory: C:\Users\JUSTINE BIJU PAUL\Desktop\projects\exoplanet-clean\models\trained_models
2025-10-05 18:32:10,626 - api.main - INFO - [OK] Loaded scaler successfully
2025-10-05 18:32:10,627 - api.main - INFO - [OK] Loaded 15 selected features from C:\Users\JUSTINE BIJU PAUL\Desktop\projects\exoplanet-clean\models\selected_features_20251004_155128.json
2025-10-05 18:32:10,627 - api.main - INFO - [OK] Loaded training metrics from C:\Users\JUSTINE BIJU PAUL\Desktop\projects\exoplanet-clean\models\training_results_20251004_155128.json
2025-10-05 18:32:10,784 - api.main - INFO - [OK] Loaded Extra Trees model successfully
2025-10-05 18:32:11,011 - api.main - INFO - [OK] Loaded LightGBM model successfully
2025-10-05 18:32:11,124 - api.main - INFO - [OK] Loaded Optimized Random Forest model successfully
2025-10-05 18:32:11,291 - api.main - INFO - [OK] Loaded Optimized XGBoost model successfully
2025-10-05 18:32:11,292 - api.main - INFO - [INFO] Total models loaded: 4
2025-10-05 18:32:11,292 - api.main - INFO - ExoHunter API startup complete
2025-10-05 18:34:47,589 - api.main - INFO - Starting ExoHunter API...
2025-10-05 18:34:47,589 - api.main - INFO - Current working directory: C:\Users\JUSTINE BIJU PAUL\Desktop\projects\exoplanet-clean\web
2025-10-05 18:34:47,590 - api.main - INFO - API file location: C:\Users\JUSTINE BIJU PAUL\Desktop\projects\exoplanet-clean\web\api\main.py
2025-10-05 18:34:47,590 - api.main - INFO - Checking path: C:\Users\JUSTINE BIJU PAUL\Desktop\projects\exoplanet-clean\models\trained_models
2025-10-05 18:34:47,591 - api.main - INFO - [OK] Found models directory: C:\Users\JUSTINE BIJU PAUL\Desktop\projects\exoplanet-clean\models\trained_models
2025-10-05 18:34:48,916 - api.main - INFO - [OK] Loaded scaler successfully
2025-10-05 18:34:48,917 - api.main - INFO - [OK] Loaded 15 selected features from C:\Users\JUSTINE BIJU PAUL\Desktop\projects\exoplanet-clean\models\selected_features_20251004_155128.json
2025-10-05 18:34:48,918 - api.main - INFO - [OK] Loaded training metrics from C:\Users\JUSTINE BIJU PAUL\Desktop\projects\exoplanet-clean\models\training_results_20251004_155128.json
2025-10-05 18:34:49,096 - api.main - INFO - [OK] Loaded Extra Trees model successfully
2025-10-05 18:34:49,324 - api.main - INFO - [OK] Loaded LightGBM model successfully
2025-10-05 18:34:49,429 - api.main - INFO - [OK] Loaded Optimized Random Forest model successfully
2025-10-05 18:34:49,555 - api.main - INFO - [OK] Loaded Optimized XGBoost model successfully
2025-10-05 18:34:49,556 - api.main - INFO - [INFO] Total models loaded: 4
2025-10-05 18:34:49,556 - api.main - INFO - ExoHunter API startup complete
2025-10-05 18:35:03,604 - api.main - INFO - Starting ExoHunter API...
2025-10-05 18:35:03,605 - api.main - INFO - Current working directory: C:\Users\JUSTINE BIJU PAUL\Desktop\projects\exoplanet-clean\web
2025-10-05 18:35:03,605 - api.main - INFO - API file location: C:\Users\JUSTINE BIJU PAUL\Desktop\projects\exoplanet-clean\web\api\main.py
2025-10-05 18:35:03,605 - api.main - INFO - Checking path: C:\Users\JUSTINE BIJU PAUL\Desktop\projects\exoplanet-clean\models\trained_models
2025-10-05 18:35:03,605 - api.main - INFO - [OK] Found models directory: C:\Users\JUSTINE BIJU PAUL\Desktop\projects\exoplanet-clean\models\trained_models
2025-10-05 18:35:04,775 - api.main - INFO - [OK] Loaded scaler successfully
2025-10-05 18:35:04,775 - api.main - INFO - [OK] Loaded 15 selected features from C:\Users\JUSTINE BIJU PAUL\Desktop\projects\exoplanet-clean\models\selected_features_20251004_155128.json
2025-10-05 18:35:04,776 - api.main - INFO - [OK] Loaded training metrics from C:\Users\JUSTINE BIJU PAUL\Desktop\projects\exoplanet-clean\models\training_results_20251004_155128.json
2025-10-05 18:35:04,953 - api.main - INFO - [OK] Loaded Extra Trees model successfully
2025-10-05 18:35:05,188 - api.main - INFO - [OK] Loaded LightGBM model successfully
2025-10-05 18:35:05,294 - api.main - INFO - [OK] Loaded Optimized Random Forest model successfully
2025-10-05 18:35:05,428 - api.main - INFO - [OK] Loaded Optimized XGBoost model successfully
2025-10-05 18:35:05,429 - api.main - INFO - [INFO] Total models loaded: 4
2025-10-05 18:35:05,429 - api.main - INFO - ExoHunter API startup complete
2025-10-05 18:35:25,748 - api.main - INFO - Starting ExoHunter API...
2025-10-05 18:35:25,748 - api.main - INFO - Current working directory: C:\Users\JUSTINE BIJU PAUL\Desktop\projects\exoplanet-clean\web
2025-10-05 18:35:25,748 - api.main - INFO - API file location: C:\Users\JUSTINE BIJU PAUL\Desktop\projects\exoplanet-clean\web\api\main.py
2025-10-05 18:35:25,750 - api.main - INFO - Checking path: C:\Users\JUSTINE BIJU PAUL\Desktop\projects\exoplanet-clean\models\trained_models
2025-10-05 18:35:25,750 - api.main - INFO - [OK] Found models directory: C:\Users\JUSTINE BIJU PAUL\Desktop\projects\exoplanet-clean\models\trained_models
2025-10-05 18:35:26,862 - api.main - INFO - [OK] Loaded scaler successfully
2025-10-05 18:35:26,864 - api.main - INFO - [OK] Loaded 15 selected features from C:\Users\JUSTINE BIJU PAUL\Desktop\projects\exoplanet-clean\models\selected_features_20251004_155128.json
2025-10-05 18:35:26,865 - api.main - INFO - [OK] Loaded training metrics from C:\Users\JUSTINE BIJU PAUL\Desktop\projects\exoplanet-clean\models\training_results_20251004_155128.json
2025-10-05 18:35:27,056 - api.main - INFO - [OK] Loaded Extra Trees model successfully
2025-10-05 18:35:27,289 - api.main - INFO - [OK] Loaded LightGBM model successfully
2025-10-05 18:35:27,392 - api.main - INFO - [OK] Loaded Optimized Random Forest model successfully
2025-10-05 18:35:27,524 - api.main - INFO - [OK] Loaded Optimized XGBoost model successfully
2025-10-05 18:35:27,525 - api.main - INFO - [INFO] Total models loaded: 4
2025-10-05 18:35:27,525 - api.main - INFO - ExoHunter API startup complete
2025-10-05 18:35:29,984 - api.main - INFO - Starting ExoHunter API...
2025-10-05 18:35:29,985 - api.main - INFO - Current working directory: C:\Users\JUSTINE BIJU PAUL\Desktop\projects\exoplanet-clean\web
2025-10-05 18:35:29,985 - api.main - INFO - API file location: C:\Users\JUSTINE BIJU PAUL\Desktop\projects\exoplanet-clean\web\api\main.py
2025-10-05 18:35:29,986 - api.main - INFO - Checking path: C:\Users\JUSTINE BIJU PAUL\Desktop\projects\exoplanet-clean\models\trained_models
2025-10-05 18:35:29,986 - api.main - INFO - [OK] Found models directory: C:\Users\JUSTINE BIJU PAUL\Desktop\projects\exoplanet-clean\models\trained_models
2025-10-05 18:35:31,169 - api.main - INFO - [OK] Loaded scaler successfully
2025-10-05 18:35:31,170 - api.main - INFO - [OK] Loaded 15 selected features from C:\Users\JUSTINE BIJU PAUL\Desktop\projects\exoplanet-clean\models\selected_features_20251004_155128.json
2025-10-05 18:35:31,170 - api.main - INFO - [OK] Loaded training metrics from C:\Users\JUSTINE BIJU PAUL\Desktop\projects\exoplanet-clean\models\training_results_20251004_155128.json
2025-10-05 18:35:31,346 - api.main - INFO - [OK] Loaded Extra Trees model successfully
2025-10-05 18:35:31,586 - api.main - INFO - [OK] Loaded LightGBM model successfully
2025-10-05 18:35:31,693 - api.main - INFO - [OK] Loaded Optimized Random Forest model successfully
2025-10-05 18:35:31,826 - api.main - INFO - [OK] Loaded Optimized XGBoost model successfully
2025-10-05 18:35:31,826 - api.main - INFO - [INFO] Total models loaded: 4
2025-10-05 18:35:31,827 - api.main - INFO - ExoHunter API startup complete
2025-10-05 18:35:32,859 - api.main - INFO - Starting ExoHunter API...
2025-10-05 18:35:32,859 - api.main - INFO - Current working directory: C:\Users\JUSTINE BIJU PAUL\Desktop\projects\exoplanet-clean\web
2025-10-05 18:35:32,859 - api.main - INFO - API file location: C:\Users\JUSTINE BIJU PAUL\Desktop\projects\exoplanet-clean\web\api\main.py
2025-10-05 18:35:32,860 - api.main - INFO - Checking path: C:\Users\JUSTINE BIJU PAUL\Desktop\projects\exoplanet-clean\models\trained_models
2025-10-05 18:35:32,860 - api.main - INFO - [OK] Found models directory: C:\Users\JUSTINE BIJU PAUL\Desktop\projects\exoplanet-clean\models\trained_models
2025-10-05 18:35:34,026 - api.main - INFO - [OK] Loaded scaler successfully
2025-10-05 18:35:34,027 - api.main - INFO - [OK] Loaded 15 selected features from C:\Users\JUSTINE BIJU PAUL\Desktop\projects\exoplanet-clean\models\selected_features_20251004_155128.json
2025-10-05 18:35:34,027 - api.main - INFO - [OK] Loaded training metrics from C:\Users\JUSTINE BIJU PAUL\Desktop\projects\exoplanet-clean\models\training_results_20251004_155128.json
2025-10-05 18:35:34,200 - api.main - INFO - [OK] Loaded Extra Trees model successfully
2025-10-05 18:35:34,426 - api.main - INFO - [OK] Loaded LightGBM model successfully
2025-10-05 18:35:34,530 - api.main - INFO - [OK] Loaded Optimized Random Forest model successfully
2025-10-05 18:35:34,647 - api.main - INFO - [OK] Loaded Optimized XGBoost model successfully
2025-10-05 18:35:34,648 - api.main - INFO - [INFO] Total models loaded: 4
2025-10-05 18:35:34,648 - api.main - INFO - ExoHunter API startup complete
2025-10-05 18:35:39,724 - api.main - INFO - Starting ExoHunter API...
2025-10-05 18:35:39,724 - api.main - INFO - Current working directory: C:\Users\JUSTINE BIJU PAUL\Desktop\projects\exoplanet-clean\web
2025-10-05 18:35:39,724 - api.main - INFO - API file location: C:\Users\JUSTINE BIJU PAUL\Desktop\projects\exoplanet-clean\web\api\main.py
2025-10-05 18:35:39,726 - api.main - INFO - Checking path: C:\Users\JUSTINE BIJU PAUL\Desktop\projects\exoplanet-clean\models\trained_models
2025-10-05 18:35:39,726 - api.main - INFO - [OK] Found models directory: C:\Users\JUSTINE BIJU PAUL\Desktop\projects\exoplanet-clean\models\trained_models
2025-10-05 18:35:40,870 - api.main - INFO - [OK] Loaded scaler successfully
2025-10-05 18:35:40,870 - api.main - INFO - [OK] Loaded 15 selected features from C:\Users\JUSTINE BIJU PAUL\Desktop\projects\exoplanet-clean\models\selected_features_20251004_155128.json
2025-10-05 18:35:40,871 - api.main - INFO - [OK] Loaded training metrics from C:\Users\JUSTINE BIJU PAUL\Desktop\projects\exoplanet-clean\models\training_results_20251004_155128.json
2025-10-05 18:35:41,054 - api.main - INFO - [OK] Loaded Extra Trees model successfully
2025-10-05 18:35:41,293 - api.main - INFO - [OK] Loaded LightGBM model successfully
2025-10-05 18:35:41,407 - api.main - INFO - [OK] Loaded Optimized Random Forest model successfully
2025-10-05 18:35:41,543 - api.main - INFO - [OK] Loaded Optimized XGBoost model successfully
2025-10-05 18:35:41,544 - api.main - INFO - [INFO] Total models loaded: 4
2025-10-05 18:35:41,545 - api.main - INFO - ExoHunter API startup complete
2025-10-05 18:36:38,839 - api.main - INFO - Starting ExoHunter API...
2025-10-05 18:36:38,840 - api.main - INFO - Current working directory: C:\Users\JUSTINE BIJU PAUL\Desktop\projects\exoplanet-clean\web
2025-10-05 18:36:38,840 - api.main - INFO - API file location: C:\Users\JUSTINE BIJU PAUL\Desktop\projects\exoplanet-clean\web\api\main.py
2025-10-05 18:36:38,841 - api.main - INFO - Checking path: C:\Users\JUSTINE BIJU PAUL\Desktop\projects\exoplanet-clean\models\trained_models
2025-10-05 18:36:38,841 - api.main - INFO - [OK] Found models directory: C:\Users\JUSTINE BIJU PAUL\Desktop\projects\exoplanet-clean\models\trained_models
2025-10-05 18:36:39,934 - api.main - INFO - [OK] Loaded scaler successfully
2025-10-05 18:36:39,935 - api.main - INFO - [OK] Loaded 15 selected features from C:\Users\JUSTINE BIJU PAUL\Desktop\projects\exoplanet-clean\models\selected_features_20251004_155128.json
2025-10-05 18:36:39,936 - api.main - INFO - [OK] Loaded training metrics from C:\Users\JUSTINE BIJU PAUL\Desktop\projects\exoplanet-clean\models\training_results_20251004_155128.json
2025-10-05 18:36:40,109 - api.main - INFO - [OK] Loaded Extra Trees model successfully
2025-10-05 18:36:40,350 - api.main - INFO - [OK] Loaded LightGBM model successfully
2025-10-05 18:36:40,466 - api.main - INFO - [OK] Loaded Optimized Random Forest model successfully
2025-10-05 18:36:40,599 - api.main - INFO - [OK] Loaded Optimized XGBoost model successfully
2025-10-05 18:36:40,600 - api.main - INFO - [INFO] Total models loaded: 4
2025-10-05 18:36:40,600 - api.main - INFO - ExoHunter API startup complete
2025-10-05 18:36:57,229 - api.main - INFO - Starting ExoHunter API...
2025-10-05 18:36:57,229 - api.main - INFO - Current working directory: C:\Users\JUSTINE BIJU PAUL\Desktop\projects\exoplanet-clean\web
2025-10-05 18:36:57,230 - api.main - INFO - API file location: C:\Users\JUSTINE BIJU PAUL\Desktop\projects\exoplanet-clean\web\api\main.py
2025-10-05 18:36:57,230 - api.main - INFO - Checking path: C:\Users\JUSTINE BIJU PAUL\Desktop\projects\exoplanet-clean\models\trained_models
2025-10-05 18:36:57,231 - api.main - INFO - [OK] Found models directory: C:\Users\JUSTINE BIJU PAUL\Desktop\projects\exoplanet-clean\models\trained_models
2025-10-05 18:36:58,688 - api.main - INFO - [OK] Loaded scaler successfully
2025-10-05 18:36:58,688 - api.main - INFO - [OK] Loaded 15 selected features from C:\Users\JUSTINE BIJU PAUL\Desktop\projects\exoplanet-clean\models\selected_features_20251004_155128.json
2025-10-05 18:36:58,689 - api.main - INFO - [OK] Loaded training metrics from C:\Users\JUSTINE BIJU PAUL\Desktop\projects\exoplanet-clean\models\training_results_20251004_155128.json
2025-10-05 18:36:58,913 - api.main - INFO - [OK] Loaded Extra Trees model successfully
2025-10-05 18:36:59,173 - api.main - INFO - [OK] Loaded LightGBM model successfully
2025-10-05 18:36:59,298 - api.main - INFO - [OK] Loaded Optimized Random Forest model successfully
2025-10-05 18:36:59,449 - api.main - INFO - [OK] Loaded Optimized XGBoost model successfully
2025-10-05 18:36:59,450 - api.main - INFO - [INFO] Total models loaded: 4
2025-10-05 18:36:59,450 - api.main - INFO - ExoHunter API startup complete
2025-10-05 18:42:38,457 - api.main - INFO - Starting ExoHunter API...
2025-10-05 18:42:38,458 - api.main - INFO - Current working directory: C:\Users\JUSTINE BIJU PAUL\Desktop\projects\exoplanet-clean\web
2025-10-05 18:42:38,458 - api.main - INFO - API file location: C:\Users\JUSTINE BIJU PAUL\Desktop\projects\exoplanet-clean\web\api\main.py
2025-10-05 18:42:38,459 - api.main - INFO - Checking path: C:\Users\JUSTINE BIJU PAUL\Desktop\projects\exoplanet-clean\models\trained_models
2025-10-05 18:42:38,459 - api.main - INFO - [OK] Found models directory: C:\Users\JUSTINE BIJU PAUL\Desktop\projects\exoplanet-clean\models\trained_models
2025-10-05 18:42:39,867 - api.main - INFO - [OK] Loaded scaler successfully
2025-10-05 18:42:39,867 - api.main - INFO - [OK] Loaded 15 selected features from C:\Users\JUSTINE BIJU PAUL\Desktop\projects\exoplanet-clean\models\selected_features_20251004_155128.json
2025-10-05 18:42:39,868 - api.main - INFO - [OK] Loaded training metrics from C:\Users\JUSTINE BIJU PAUL\Desktop\projects\exoplanet-clean\models\training_results_20251004_155128.json
2025-10-05 18:42:40,064 - api.main - INFO - [OK] Loaded Extra Trees model successfully
2025-10-05 18:42:40,311 - api.main - INFO - [OK] Loaded LightGBM model successfully
2025-10-05 18:42:40,424 - api.main - INFO - [OK] Loaded Optimized Random Forest model successfully
2025-10-05 18:42:40,568 - api.main - INFO - [OK] Loaded Optimized XGBoost model successfully
2025-10-05 18:42:40,569 - api.main - INFO - [INFO] Total models loaded: 4
2025-10-05 18:42:40,569 - api.main - INFO - ExoHunter API startup complete
2025-10-05 18:43:18,775 - api.main - INFO - Starting ExoHunter API...
2025-10-05 18:43:18,776 - api.main - INFO - Current working directory: C:\Users\JUSTINE BIJU PAUL\Desktop\projects\exoplanet-clean\web
2025-10-05 18:43:18,776 - api.main - INFO - API file location: C:\Users\JUSTINE BIJU PAUL\Desktop\projects\exoplanet-clean\web\api\main.py
2025-10-05 18:43:18,777 - api.main - INFO - Checking path: C:\Users\JUSTINE BIJU PAUL\Desktop\projects\exoplanet-clean\models\trained_models
2025-10-05 18:43:18,777 - api.main - INFO - [OK] Found models directory: C:\Users\JUSTINE BIJU PAUL\Desktop\projects\exoplanet-clean\models\trained_models
2025-10-05 18:43:20,209 - api.main - INFO - [OK] Loaded scaler successfully
2025-10-05 18:43:20,210 - api.main - INFO - [OK] Loaded 15 selected features from C:\Users\JUSTINE BIJU PAUL\Desktop\projects\exoplanet-clean\models\selected_features_20251004_155128.json
2025-10-05 18:43:20,211 - api.main - INFO - [OK] Loaded training metrics from C:\Users\JUSTINE BIJU PAUL\Desktop\projects\exoplanet-clean\models\training_results_20251004_155128.json
2025-10-05 18:43:20,447 - api.main - INFO - [OK] Loaded Extra Trees model successfully
2025-10-05 18:43:20,713 - api.main - INFO - [OK] Loaded LightGBM model successfully
2025-10-05 18:43:20,844 - api.main - INFO - [OK] Loaded Optimized Random Forest model successfully
2025-10-05 18:43:21,003 - api.main - INFO - [OK] Loaded Optimized XGBoost model successfully
2025-10-05 18:43:21,004 - api.main - INFO - [INFO] Total models loaded: 4
2025-10-05 18:43:21,005 - api.main - INFO - ExoHunter API startup complete
2025-10-05 20:11:45,334 - api.main - INFO - Starting ExoHunter API...
2025-10-05 20:11:45,334 - api.main - INFO - Current working directory: C:\Users\JUSTINE BIJU PAUL\Desktop\projects\exoplanet-clean\web
2025-10-05 20:11:45,335 - api.main - INFO - API file location: C:\Users\JUSTINE BIJU PAUL\Desktop\projects\exoplanet-clean\web\api\main.py
2025-10-05 20:11:45,335 - api.main - INFO - Checking path: C:\Users\JUSTINE BIJU PAUL\Desktop\projects\exoplanet-clean\models\trained_models
2025-10-05 20:11:45,335 - api.main - INFO - [OK] Found models directory: C:\Users\JUSTINE BIJU PAUL\Desktop\projects\exoplanet-clean\models\trained_models
2025-10-05 20:11:45,336 - api.main - WARNING - [WARN] Could not find selected features file
2025-10-05 20:11:45,336 - api.main - WARNING - [WARN] Could not find training metrics file
2025-10-05 20:11:45,337 - api.main - WARNING - [WARN] Extra Trees model file not found at C:\Users\JUSTINE BIJU PAUL\Desktop\projects\exoplanet-clean\models\trained_models\extra_trees_20251004_155128.joblib
2025-10-05 20:11:45,337 - api.main - WARNING - [WARN] LightGBM model file not found at C:\Users\JUSTINE BIJU PAUL\Desktop\projects\exoplanet-clean\models\trained_models\lightgbm_20251004_155128.joblib
2025-10-05 20:11:45,337 - api.main - WARNING - [WARN] Optimized Random Forest model file not found at C:\Users\JUSTINE BIJU PAUL\Desktop\projects\exoplanet-clean\models\trained_models\optimized_rf_20251004_155128.joblib
2025-10-05 20:11:45,337 - api.main - WARNING - [WARN] Optimized XGBoost model file not found at C:\Users\JUSTINE BIJU PAUL\Desktop\projects\exoplanet-clean\models\trained_models\optimized_xgb_20251004_155128.joblib
2025-10-05 20:11:45,337 - api.main - INFO - [INFO] Total models loaded: 0
2025-10-05 20:11:45,338 - api.main - INFO - ExoHunter API startup complete
2025-10-05 20:12:04,948 - api.main - INFO - Starting ExoHunter API...
2025-10-05 20:12:04,949 - api.main - INFO - Current working directory: C:\Users\JUSTINE BIJU PAUL\Desktop\projects\exoplanet-clean\web
2025-10-05 20:12:04,949 - api.main - INFO - API file location: C:\Users\JUSTINE BIJU PAUL\Desktop\projects\exoplanet-clean\web\api\main.py
2025-10-05 20:12:04,950 - api.main - INFO - Checking path: C:\Users\JUSTINE BIJU PAUL\Desktop\projects\exoplanet-clean\models\trained_models
2025-10-05 20:12:04,950 - api.main - INFO - [OK] Found models directory: C:\Users\JUSTINE BIJU PAUL\Desktop\projects\exoplanet-clean\models\trained_models
2025-10-05 20:12:04,951 - api.main - WARNING - [WARN] Could not find selected features file
2025-10-05 20:12:04,951 - api.main - WARNING - [WARN] Could not find training metrics file
2025-10-05 20:12:04,951 - api.main - WARNING - [WARN] Extra Trees model file not found at C:\Users\JUSTINE BIJU PAUL\Desktop\projects\exoplanet-clean\models\trained_models\extra_trees_20251004_155128.joblib
2025-10-05 20:12:04,952 - api.main - WARNING - [WARN] LightGBM model file not found at C:\Users\JUSTINE BIJU PAUL\Desktop\projects\exoplanet-clean\models\trained_models\lightgbm_20251004_155128.joblib
2025-10-05 20:12:04,952 - api.main - WARNING - [WARN] Optimized Random Forest model file not found at C:\Users\JUSTINE BIJU PAUL\Desktop\projects\exoplanet-clean\models\trained_models\optimized_rf_20251004_155128.joblib
2025-10-05 20:12:04,952 - api.main - WARNING - [WARN] Optimized XGBoost model file not found at C:\Users\JUSTINE BIJU PAUL\Desktop\projects\exoplanet-clean\models\trained_models\optimized_xgb_20251004_155128.joblib
2025-10-05 20:12:04,952 - api.main - INFO - [INFO] Total models loaded: 0
2025-10-05 20:12:04,952 - api.main - INFO - ExoHunter API startup complete
2025-10-05 20:12:07,887 - api.main - INFO - Starting ExoHunter API...
2025-10-05 20:12:07,888 - api.main - INFO - Current working directory: C:\Users\JUSTINE BIJU PAUL\Desktop\projects\exoplanet-clean\web
2025-10-05 20:12:07,888 - api.main - INFO - API file location: C:\Users\JUSTINE BIJU PAUL\Desktop\projects\exoplanet-clean\web\api\main.py
2025-10-05 20:12:07,888 - api.main - INFO - Checking path: C:\Users\JUSTINE BIJU PAUL\Desktop\projects\exoplanet-clean\models\trained_models
2025-10-05 20:12:07,889 - api.main - INFO - [OK] Found models directory: C:\Users\JUSTINE BIJU PAUL\Desktop\projects\exoplanet-clean\models\trained_models
2025-10-05 20:12:07,889 - api.main - WARNING - [WARN] Could not find selected features file
2025-10-05 20:12:07,889 - api.main - WARNING - [WARN] Could not find training metrics file
2025-10-05 20:12:07,890 - api.main - WARNING - [WARN] Extra Trees model file not found at C:\Users\JUSTINE BIJU PAUL\Desktop\projects\exoplanet-clean\models\trained_models\extra_trees_20251004_155128.joblib
2025-10-05 20:12:07,890 - api.main - WARNING - [WARN] LightGBM model file not found at C:\Users\JUSTINE BIJU PAUL\Desktop\projects\exoplanet-clean\models\trained_models\lightgbm_20251004_155128.joblib
2025-10-05 20:12:07,890 - api.main - WARNING - [WARN] Optimized Random Forest model file not found at C:\Users\JUSTINE BIJU PAUL\Desktop\projects\exoplanet-clean\models\trained_models\optimized_rf_20251004_155128.joblib
2025-10-05 20:12:07,890 - api.main - WARNING - [WARN] Optimized XGBoost model file not found at C:\Users\JUSTINE BIJU PAUL\Desktop\projects\exoplanet-clean\models\trained_models\optimized_xgb_20251004_155128.joblib
2025-10-05 20:12:07,891 - api.main - INFO - [INFO] Total models loaded: 0
2025-10-05 20:12:07,891 - api.main - INFO - ExoHunter API startup complete
2025-10-05 20:12:12,350 - api.main - INFO - Starting ExoHunter API...
2025-10-05 20:12:12,350 - api.main - INFO - Current working directory: C:\Users\JUSTINE BIJU PAUL\Desktop\projects\exoplanet-clean\web
2025-10-05 20:12:12,351 - api.main - INFO - API file location: C:\Users\JUSTINE BIJU PAUL\Desktop\projects\exoplanet-clean\web\api\main.py
2025-10-05 20:12:12,351 - api.main - INFO - Checking path: C:\Users\JUSTINE BIJU PAUL\Desktop\projects\exoplanet-clean\models\trained_models
2025-10-05 20:12:12,352 - api.main - INFO - [OK] Found models directory: C:\Users\JUSTINE BIJU PAUL\Desktop\projects\exoplanet-clean\models\trained_models
2025-10-05 20:12:12,352 - api.main - WARNING - [WARN] Could not find selected features file
2025-10-05 20:12:12,353 - api.main - WARNING - [WARN] Could not find training metrics file
2025-10-05 20:12:12,353 - api.main - WARNING - [WARN] Extra Trees model file not found at C:\Users\JUSTINE BIJU PAUL\Desktop\projects\exoplanet-clean\models\trained_models\extra_trees_20251004_155128.joblib
2025-10-05 20:12:12,353 - api.main - WARNING - [WARN] LightGBM model file not found at C:\Users\JUSTINE BIJU PAUL\Desktop\projects\exoplanet-clean\models\trained_models\lightgbm_20251004_155128.joblib
2025-10-05 20:12:12,353 - api.main - WARNING - [WARN] Optimized Random Forest model file not found at C:\Users\JUSTINE BIJU PAUL\Desktop\projects\exoplanet-clean\models\trained_models\optimized_rf_20251004_155128.joblib
2025-10-05 20:12:12,355 - api.main - WARNING - [WARN] Optimized XGBoost model file not found at C:\Users\JUSTINE BIJU PAUL\Desktop\projects\exoplanet-clean\models\trained_models\optimized_xgb_20251004_155128.joblib
2025-10-05 20:12:12,355 - api.main - INFO - [INFO] Total models loaded: 0
2025-10-05 20:12:12,355 - api.main - INFO - ExoHunter API startup complete
2025-10-05 20:15:20,704 - api.main - INFO - Starting ExoHunter API...
2025-10-05 20:15:20,705 - api.main - INFO - Current working directory: C:\Users\JUSTINE BIJU PAUL\Desktop\projects\exoplanet-clean\web
2025-10-05 20:15:20,705 - api.main - INFO - API file location: C:\Users\JUSTINE BIJU PAUL\Desktop\projects\exoplanet-clean\web\api\main.py
2025-10-05 20:15:20,705 - api.main - INFO - Checking path: C:\Users\JUSTINE BIJU PAUL\Desktop\projects\exoplanet-clean\models\trained_models
2025-10-05 20:15:20,706 - api.main - INFO - [OK] Found models directory: C:\Users\JUSTINE BIJU PAUL\Desktop\projects\exoplanet-clean\models\trained_models
2025-10-05 20:15:20,707 - api.main - WARNING - [WARN] Could not find selected features file
2025-10-05 20:15:20,707 - api.main - WARNING - [WARN] Could not find training metrics file
2025-10-05 20:15:20,707 - api.main - WARNING - [WARN] Extra Trees model file not found at C:\Users\JUSTINE BIJU PAUL\Desktop\projects\exoplanet-clean\models\trained_models\extra_trees_20251004_155128.joblib
2025-10-05 20:15:20,707 - api.main - WARNING - [WARN] LightGBM model file not found at C:\Users\JUSTINE BIJU PAUL\Desktop\projects\exoplanet-clean\models\trained_models\lightgbm_20251004_155128.joblib
2025-10-05 20:15:20,707 - api.main - WARNING - [WARN] Optimized Random Forest model file not found at C:\Users\JUSTINE BIJU PAUL\Desktop\projects\exoplanet-clean\models\trained_models\optimized_rf_20251004_155128.joblib
2025-10-05 20:15:20,707 - api.main - WARNING - [WARN] Optimized XGBoost model file not found at C:\Users\JUSTINE BIJU PAUL\Desktop\projects\exoplanet-clean\models\trained_models\optimized_xgb_20251004_155128.joblib
2025-10-05 20:15:20,709 - api.main - INFO - [INFO] Total models loaded: 0
2025-10-05 20:15:20,709 - api.main - INFO - ExoHunter API startup complete
2025-10-05 20:22:05,585 - api.main - INFO - Starting ExoHunter API...
2025-10-05 20:22:05,585 - api.main - INFO - Current working directory: C:\Users\JUSTINE BIJU PAUL\Desktop\projects\exoplanet-clean\web
2025-10-05 20:22:05,585 - api.main - INFO - API file location: C:\Users\JUSTINE BIJU PAUL\Desktop\projects\exoplanet-clean\web\api\main.py
2025-10-05 20:22:05,586 - api.main - INFO - Checking path: C:\Users\JUSTINE BIJU PAUL\Desktop\projects\exoplanet-clean\models\trained_models
2025-10-05 20:22:05,586 - api.main - INFO - [OK] Found models directory: C:\Users\JUSTINE BIJU PAUL\Desktop\projects\exoplanet-clean\models\trained_models
2025-10-05 20:22:07,105 - api.main - INFO - [OK] Loaded scaler successfully
2025-10-05 20:22:07,106 - api.main - INFO - [OK] Loaded 15 selected features from C:\Users\JUSTINE BIJU PAUL\Desktop\projects\exoplanet-clean\models\selected_features_20251005_200911.json
2025-10-05 20:22:07,107 - api.main - ERROR - [ERROR] Error loading models: Expecting value: line 153 column 22 (char 4381)
2025-10-05 20:22:07,107 - api.main - INFO - ExoHunter API startup complete
2025-10-05 20:23:57,442 - api.main - INFO - Starting ExoHunter API...
2025-10-05 20:23:57,442 - api.main - INFO - Current working directory: C:\Users\JUSTINE BIJU PAUL\Desktop\projects\exoplanet-clean\web
2025-10-05 20:23:57,443 - api.main - INFO - API file location: C:\Users\JUSTINE BIJU PAUL\Desktop\projects\exoplanet-clean\web\api\main.py
2025-10-05 20:23:57,443 - api.main - INFO - Checking path: C:\Users\JUSTINE BIJU PAUL\Desktop\projects\exoplanet-clean\models\trained_models
2025-10-05 20:23:57,443 - api.main - INFO - [OK] Found models directory: C:\Users\JUSTINE BIJU PAUL\Desktop\projects\exoplanet-clean\models\trained_models
2025-10-05 20:23:58,585 - api.main - INFO - [OK] Loaded scaler successfully
2025-10-05 20:23:58,586 - api.main - INFO - [OK] Loaded 15 selected features from C:\Users\JUSTINE BIJU PAUL\Desktop\projects\exoplanet-clean\models\selected_features_20251005_200911.json
2025-10-05 20:23:58,587 - api.main - ERROR - [ERROR] Error loading models: Expecting value: line 153 column 22 (char 4381)
2025-10-05 20:23:58,587 - api.main - INFO - ExoHunter API startup complete
